

19. https://developers.google.com/zero-touch/reference/customer/rest/



20. https://developers.google.com/google-apps/activity/v1/reference/



21. https://cloud.google.com/ml-engine/reference/rest/



22. https://cloud.google.com/translate/docs/reference/rest



23. https://developers.google.com/ad-exchange/buyer-rest/reference/rest/



24. https://developers.google.com/android/management/reference/rest/



25. https://developers.google.com/android/over-the-air/reference/rest/



26. https://developers.google.com/maps/documentation/



27. https://developers.google.com/youtube/v3/docs/



28. https://developers.google.com/youtube/v3/live/docs/



29. https://cloud.google.com/bigquery/docs/reference/



30. https://cloud.google.com/billing/reference/rest/



31. https://cloud.google.com/kms/docs/reference/rest/



32. https://cloud.google.com/natural-language/docs/reference/rest/

ajaxCrawl - 1/1 - save https://developers.google.com/zero-touch/reference/customer/rest/ -> ./developers.google.com/zero-touch/reference/customer/rest/index.html
ajaxCrawl - 2/26 - skip https://developers.google.com/_static/d7147bb846/images/favicon.png
ajaxCrawl - 3/26 - skip https://developers.google.com/_static/d7147bb846/images/touch-icon.png
ajaxCrawl - 4/26 - skip https://developers.google.com/_static/d7147bb846/css/devsite-cyan.css
ajaxCrawl - 5/26 - save https://www.google.com/accounts/ServiceLogin -> ./www.google.com/accounts/ServiceLogin/index.html
ajaxCrawl - 7/26 - save https://developers.google.com/zero-touch/support/contact -> ./developers.google.com/zero-touch/support/contact/index.html
ajaxCrawl - 6/27 - save https://developers.google.com/zero-touch/guides/overview -> ./developers.google.com/zero-touch/guides/overview/index.html
ajaxCrawl - 8/27 - save https://developers.google.com/zero-touch/reference/customer/rest/v1/customers -> ./developers.google.com/zero-touch/reference/customer/rest/v1/customers/index.html
ajaxCrawl - 11/27 - save https://developers.google.com/zero-touch/reference/customer/rest/v1/customers.configurations/create -> ./developers.google.com/zero-touch/reference/customer/rest/v1/customers.configurations/create/index.html
ajaxCrawl - 12/27 - save https://developers.google.com/zero-touch/reference/customer/rest/v1/customers.configurations/delete -> ./developers.google.com/zero-touch/reference/customer/rest/v1/customers.configurations/delete/index.html
ajaxCrawl - 13/27 - save https://developers.google.com/zero-touch/reference/customer/rest/v1/customers.configurations/get -> ./developers.google.com/zero-touch/reference/customer/rest/v1/customers.configurations/get/index.html
ajaxCrawl - 14/27 - save https://developers.google.com/zero-touch/reference/customer/rest/v1/customers.configurations/list -> ./developers.google.com/zero-touch/reference/customer/rest/v1/customers.configurations/list/index.html
ajaxCrawl - 15/27 - save https://developers.google.com/zero-touch/reference/customer/rest/v1/customers.configurations/patch -> ./developers.google.com/zero-touch/reference/customer/rest/v1/customers.configurations/patch/index.html
ajaxCrawl - 17/28 - save https://developers.google.com/zero-touch/reference/customer/rest/v1/customers.devices/applyConfiguration -> ./developers.google.com/zero-touch/reference/customer/rest/v1/customers.devices/applyConfiguration/index.html
ajaxCrawl - 16/28 - save https://developers.google.com/zero-touch/reference/customer/rest/v1/customers.devices -> ./developers.google.com/zero-touch/reference/customer/rest/v1/customers.devices/index.html
ajaxCrawl - 9/29 - save https://developers.google.com/zero-touch/reference/customer/rest/v1/customers/list -> ./developers.google.com/zero-touch/reference/customer/rest/v1/customers/list/index.html
ajaxCrawl - 10/29 - save https://developers.google.com/zero-touch/reference/customer/rest/v1/customers.configurations -> ./developers.google.com/zero-touch/reference/customer/rest/v1/customers.configurations/index.html
ajaxCrawl - 18/29 - save https://developers.google.com/zero-touch/reference/customer/rest/v1/customers.devices/get -> ./developers.google.com/zero-touch/reference/customer/rest/v1/customers.devices/get/index.html
ajaxCrawl - 19/29 - save https://developers.google.com/zero-touch/reference/customer/rest/v1/customers.devices/list -> ./developers.google.com/zero-touch/reference/customer/rest/v1/customers.devices/list/index.html
ajaxCrawl - 20/29 - save https://developers.google.com/zero-touch/reference/customer/rest/v1/customers.devices/removeConfiguration -> ./developers.google.com/zero-touch/reference/customer/rest/v1/customers.devices/removeConfiguration/index.html
ajaxCrawl - 23/29 - save https://developers.google.com/zero-touch/reference/customer/rest/v1/customers.dpcs/list -> ./developers.google.com/zero-touch/reference/customer/rest/v1/customers.dpcs/list/index.html
ajaxCrawl - 21/29 - save https://developers.google.com/zero-touch/reference/customer/rest/v1/customers.devices/unclaim -> ./developers.google.com/zero-touch/reference/customer/rest/v1/customers.devices/unclaim/index.html
ajaxCrawl - 25/29 - save https://developers.google.com/zero-touch/reference/customer/rest/v1/TosError -> ./developers.google.com/zero-touch/reference/customer/rest/v1/TosError/index.html
ajaxCrawl - 24/29 - save https://developers.google.com/zero-touch/reference/customer/rest/v1/DeviceReference -> ./developers.google.com/zero-touch/reference/customer/rest/v1/DeviceReference/index.html
ajaxCrawl - 22/29 - save https://developers.google.com/zero-touch/reference/customer/rest/v1/customers.dpcs -> ./developers.google.com/zero-touch/reference/customer/rest/v1/customers.dpcs/index.html
ajaxCrawl - 27/29 - save https://developers.google.com/zero-touch/reference/reseller/rest/ -> ./developers.google.com/zero-touch/reference/reseller/rest/index.html
ajaxCrawl - 26/29 - save https://androiddeviceprovisioning.googleapis.com/$discovery/rest -> ./androiddeviceprovisioning.googleapis.com/$discovery/rest/index.html
ajaxCrawl - 29/29 - save https://developers.google.com/zero-touch/guides/how-it-works -> ./developers.google.com/zero-touch/guides/how-it-works/index.html
ajaxCrawl - 28/29 - save https://developers.google.com/protocol-buffers/docs/reference/google.protobuf -> ./developers.google.com/protocol-buffers/docs/reference/google.protobuf/index.html
